<?xml version="1.0" encoding="UTF-8"?>
<testng-results ignored="0" total="8" passed="7" failed="1" skipped="0">
  <reporter-output>
  </reporter-output>
  <suite started-at="2024-02-05T19:48:31 IST" name="Default suite" finished-at="2024-02-05T19:53:37 IST" duration-ms="306503">
    <groups>
      <group name="cucumber">
        <method signature="AbstractTestNGCucumberTests.runScenario(io.cucumber.testng.PickleWrapper,io.cucumber.testng.FeatureWrapper)[pri:0, instance:cucumberOptions.TestNGTestRunner@4b013c76]" name="runScenario" class="io.cucumber.testng.AbstractTestNGCucumberTests"/>
      </group> <!-- cucumber -->
    </groups>
    <test started-at="2024-02-05T19:48:31 IST" name="Default test" finished-at="2024-02-05T19:53:37 IST" duration-ms="306503">
      <class name="cucumberOptions.TestNGTestRunner">
        <test-method is-config="true" signature="setUpClass(org.testng.ITestContext)[pri:0, instance:cucumberOptions.TestNGTestRunner@4b013c76]" started-at="2024-02-05T19:48:31 IST" name="setUpClass" finished-at="2024-02-05T19:48:31 IST" duration-ms="173" status="PASS">
          <params>
            <param index="0">
              <value>
                <![CDATA[org.testng.TestRunner@6ecc02bb]]>
              </value>
            </param>
          </params>
          <reporter-output>
          </reporter-output>
        </test-method> <!-- setUpClass -->
        <test-method signature="runScenario(io.cucumber.testng.PickleWrapper,io.cucumber.testng.FeatureWrapper)[pri:0, instance:cucumberOptions.TestNGTestRunner@4b013c76]" started-at="2024-02-05T19:48:31 IST" name="runScenario" description="Runs Cucumber Scenarios" data-provider="scenarios" finished-at="2024-02-05T19:49:07 IST" duration-ms="35611" status="PASS">
          <params>
            <param index="0">
              <value>
                <![CDATA["TC_3_2_Verify click on Privacy policy link"]]>
              </value>
            </param>
            <param index="1">
              <value>
                <![CDATA["Slot Booking Page Features"]]>
              </value>
            </param>
          </params>
          <reporter-output>
          </reporter-output>
        </test-method> <!-- runScenario -->
        <test-method signature="runScenario(io.cucumber.testng.PickleWrapper,io.cucumber.testng.FeatureWrapper)[pri:0, instance:cucumberOptions.TestNGTestRunner@4b013c76]" started-at="2024-02-05T19:49:07 IST" name="runScenario" description="Runs Cucumber Scenarios" data-provider="scenarios" finished-at="2024-02-05T19:49:41 IST" duration-ms="34753" status="PASS">
          <params>
            <param index="0">
              <value>
                <![CDATA["TC_3_4_Verify that the first available date is preselected"]]>
              </value>
            </param>
            <param index="1">
              <value>
                <![CDATA["Slot Booking Page Features"]]>
              </value>
            </param>
          </params>
          <reporter-output>
          </reporter-output>
        </test-method> <!-- runScenario -->
        <test-method signature="runScenario(io.cucumber.testng.PickleWrapper,io.cucumber.testng.FeatureWrapper)[pri:0, instance:cucumberOptions.TestNGTestRunner@4b013c76]" started-at="2024-02-05T19:49:41 IST" name="runScenario" description="Runs Cucumber Scenarios" data-provider="scenarios" finished-at="2024-02-05T19:50:15 IST" duration-ms="33305" status="PASS">
          <params>
            <param index="0">
              <value>
                <![CDATA["TC_3_5_Verify that user able to select the desired time slot"]]>
              </value>
            </param>
            <param index="1">
              <value>
                <![CDATA["Slot Booking Page Features"]]>
              </value>
            </param>
          </params>
          <reporter-output>
          </reporter-output>
        </test-method> <!-- runScenario -->
        <test-method signature="runScenario(io.cucumber.testng.PickleWrapper,io.cucumber.testng.FeatureWrapper)[pri:0, instance:cucumberOptions.TestNGTestRunner@4b013c76]" started-at="2024-02-05T19:50:15 IST" name="runScenario" description="Runs Cucumber Scenarios" data-provider="scenarios" finished-at="2024-02-05T19:50:56 IST" duration-ms="41452" status="PASS">
          <params>
            <param index="0">
              <value>
                <![CDATA["TC_3_7_Verify that user able to click on timezone drop down and change the timezone"]]>
              </value>
            </param>
            <param index="1">
              <value>
                <![CDATA["Slot Booking Page Features"]]>
              </value>
            </param>
          </params>
          <reporter-output>
          </reporter-output>
        </test-method> <!-- runScenario -->
        <test-method signature="runScenario(io.cucumber.testng.PickleWrapper,io.cucumber.testng.FeatureWrapper)[pri:0, instance:cucumberOptions.TestNGTestRunner@4b013c76]" started-at="2024-02-05T19:50:56 IST" name="runScenario" description="Runs Cucumber Scenarios" data-provider="scenarios" finished-at="2024-02-05T19:51:21 IST" duration-ms="25050" status="FAIL">
          <params>
            <param index="0">
              <value>
                <![CDATA["TC_3_8_Verify Trial booking confirmation upon clicking on Confirm Slot CTA"]]>
              </value>
            </param>
            <param index="1">
              <value>
                <![CDATA["Slot Booking Page Features"]]>
              </value>
            </param>
          </params>
          <exception class="org.openqa.selenium.NoSuchElementException">
            <message>
              <![CDATA[no such element: Unable to locate element: {"method":"xpath","selector":"//div[contains(@class,'h-100')]/a/button[contains(@class,'btn_orange')]"}
  (Session info: chrome=121.0.6167.140)
For documentation on this error, please visit: https://www.selenium.dev/documentation/webdriver/troubleshooting/errors#no-such-element-exception
Build info: version: '4.15.0', revision: '1d14b5521b'
System info: os.name: 'Windows 11', os.arch: 'amd64', os.version: '10.0', java.version: '17.0.9'
Driver info: org.openqa.selenium.chrome.ChromeDriver
Command: [ef0facadf7e0671e9dcbee2f2c2a346f, findElement {using=xpath, value=//div[contains(@class,'h-100')]/a/button[contains(@class,'btn_orange')]}]
Capabilities {acceptInsecureCerts: false, browserName: chrome, browserVersion: 121.0.6167.140, chrome: {chromedriverVersion: 121.0.6167.85 (3f98d690ad7e..., userDataDir: C:\Users\Admin\AppData\Loca...}, fedcm:accounts: true, goog:chromeOptions: {debuggerAddress: localhost:51460}, networkConnectionEnabled: false, pageLoadStrategy: normal, platformName: windows, proxy: Proxy(), se:cdp: ws://localhost:51460/devtoo..., se:cdpVersion: 121.0.6167.140, setWindowRect: true, strictFileInteractability: false, timeouts: {implicit: 0, pageLoad: 300000, script: 30000}, unhandledPromptBehavior: dismiss and notify, webauthn:extension:credBlob: true, webauthn:extension:largeBlob: true, webauthn:extension:minPinLength: true, webauthn:extension:prf: true, webauthn:virtualAuthenticators: true}
Session ID: ef0facadf7e0671e9dcbee2f2c2a346f]]>
            </message>
            <full-stacktrace>
              <![CDATA[org.openqa.selenium.NoSuchElementException: no such element: Unable to locate element: {"method":"xpath","selector":"//div[contains(@class,'h-100')]/a/button[contains(@class,'btn_orange')]"}
  (Session info: chrome=121.0.6167.140)
For documentation on this error, please visit: https://www.selenium.dev/documentation/webdriver/troubleshooting/errors#no-such-element-exception
Build info: version: '4.15.0', revision: '1d14b5521b'
System info: os.name: 'Windows 11', os.arch: 'amd64', os.version: '10.0', java.version: '17.0.9'
Driver info: org.openqa.selenium.chrome.ChromeDriver
Command: [ef0facadf7e0671e9dcbee2f2c2a346f, findElement {using=xpath, value=//div[contains(@class,'h-100')]/a/button[contains(@class,'btn_orange')]}]
Capabilities {acceptInsecureCerts: false, browserName: chrome, browserVersion: 121.0.6167.140, chrome: {chromedriverVersion: 121.0.6167.85 (3f98d690ad7e..., userDataDir: C:\Users\Admin\AppData\Loca...}, fedcm:accounts: true, goog:chromeOptions: {debuggerAddress: localhost:51460}, networkConnectionEnabled: false, pageLoadStrategy: normal, platformName: windows, proxy: Proxy(), se:cdp: ws://localhost:51460/devtoo..., se:cdpVersion: 121.0.6167.140, setWindowRect: true, strictFileInteractability: false, timeouts: {implicit: 0, pageLoad: 300000, script: 30000}, unhandledPromptBehavior: dismiss and notify, webauthn:extension:credBlob: true, webauthn:extension:largeBlob: true, webauthn:extension:minPinLength: true, webauthn:extension:prf: true, webauthn:virtualAuthenticators: true}
Session ID: ef0facadf7e0671e9dcbee2f2c2a346f
at java.base/jdk.internal.reflect.NativeConstructorAccessorImpl.newInstance0(Native Method)
at java.base/jdk.internal.reflect.NativeConstructorAccessorImpl.newInstance(NativeConstructorAccessorImpl.java:77)
at java.base/jdk.internal.reflect.DelegatingConstructorAccessorImpl.newInstance(DelegatingConstructorAccessorImpl.java:45)
at java.base/java.lang.reflect.Constructor.newInstanceWithCaller(Constructor.java:499)
at java.base/java.lang.reflect.Constructor.newInstance(Constructor.java:480)
at org.openqa.selenium.remote.codec.w3c.W3CHttpResponseCodec.createException(W3CHttpResponseCodec.java:200)
at org.openqa.selenium.remote.codec.w3c.W3CHttpResponseCodec.decode(W3CHttpResponseCodec.java:133)
at org.openqa.selenium.remote.codec.w3c.W3CHttpResponseCodec.decode(W3CHttpResponseCodec.java:52)
at org.openqa.selenium.remote.HttpCommandExecutor.execute(HttpCommandExecutor.java:191)
at org.openqa.selenium.remote.service.DriverCommandExecutor.invokeExecute(DriverCommandExecutor.java:200)
at org.openqa.selenium.remote.service.DriverCommandExecutor.execute(DriverCommandExecutor.java:175)
at org.openqa.selenium.remote.RemoteWebDriver.execute(RemoteWebDriver.java:607)
at org.openqa.selenium.remote.ElementLocation$ElementFinder$2.findElement(ElementLocation.java:165)
at org.openqa.selenium.remote.ElementLocation.findElement(ElementLocation.java:59)
at org.openqa.selenium.remote.RemoteWebDriver.findElement(RemoteWebDriver.java:364)
at org.openqa.selenium.remote.RemoteWebDriver.findElement(RemoteWebDriver.java:358)
at pageObjects.SlotBookingPage.clickOnPickSlotButton(SlotBookingPage.java:59)
at stepDefinitions.SlotBookingPageStepDefinitions.i_click_on_pick_a_slot(SlotBookingPageStepDefinitions.java:21)
at ✽.I click on Pick a Slot(file:///C:/Users/Admin/Desktop/bfs_automation/bfs_test/src/test/java/features/slotBookingPage.feature:44)
]]>
            </full-stacktrace>
          </exception> <!-- org.openqa.selenium.NoSuchElementException -->
          <reporter-output>
          </reporter-output>
        </test-method> <!-- runScenario -->
        <test-method signature="runScenario(io.cucumber.testng.PickleWrapper,io.cucumber.testng.FeatureWrapper)[pri:0, instance:cucumberOptions.TestNGTestRunner@4b013c76]" started-at="2024-02-05T19:51:21 IST" name="runScenario" description="Runs Cucumber Scenarios" data-provider="scenarios" finished-at="2024-02-05T19:51:59 IST" duration-ms="37571" status="PASS">
          <params>
            <param index="0">
              <value>
                <![CDATA["TC_3_9_Verify the UI elements on language selection Modal"]]>
              </value>
            </param>
            <param index="1">
              <value>
                <![CDATA["Slot Booking Page Features"]]>
              </value>
            </param>
          </params>
          <reporter-output>
          </reporter-output>
        </test-method> <!-- runScenario -->
        <test-method signature="runScenario(io.cucumber.testng.PickleWrapper,io.cucumber.testng.FeatureWrapper)[pri:0, instance:cucumberOptions.TestNGTestRunner@4b013c76]" started-at="2024-02-05T19:51:59 IST" name="runScenario" description="Runs Cucumber Scenarios" data-provider="scenarios" finished-at="2024-02-05T19:52:46 IST" duration-ms="47298" status="PASS">
          <params>
            <param index="0">
              <value>
                <![CDATA["TC_3_18_Verify click on Create student_name Website CTA"]]>
              </value>
            </param>
            <param index="1">
              <value>
                <![CDATA["Slot Booking Page Features"]]>
              </value>
            </param>
          </params>
          <reporter-output>
          </reporter-output>
        </test-method> <!-- runScenario -->
        <test-method signature="runScenario(io.cucumber.testng.PickleWrapper,io.cucumber.testng.FeatureWrapper)[pri:0, instance:cucumberOptions.TestNGTestRunner@4b013c76]" started-at="2024-02-05T19:52:46 IST" name="runScenario" description="Runs Cucumber Scenarios" data-provider="scenarios" finished-at="2024-02-05T19:53:37 IST" duration-ms="51254" status="PASS">
          <params>
            <param index="0">
              <value>
                <![CDATA["TC_3_19_Verify click on youtube video shown under WhiteHat Jr Class Experience section"]]>
              </value>
            </param>
            <param index="1">
              <value>
                <![CDATA["Slot Booking Page Features"]]>
              </value>
            </param>
          </params>
          <reporter-output>
          </reporter-output>
        </test-method> <!-- runScenario -->
        <test-method is-config="true" signature="tearDownClass()[pri:0, instance:cucumberOptions.TestNGTestRunner@4b013c76]" started-at="2024-02-05T19:53:37 IST" name="tearDownClass" finished-at="2024-02-05T19:53:37 IST" duration-ms="0" status="PASS">
          <reporter-output>
          </reporter-output>
        </test-method> <!-- tearDownClass -->
      </class> <!-- cucumberOptions.TestNGTestRunner -->
    </test> <!-- Default test -->
  </suite> <!-- Default suite -->
</testng-results>
